2022-03-28 13:45:17 The checkout process has been successfully finished.
  QPay Checkout Page returned the following response parameters:
  amount = 99.99
  currency = EUR
  paymentType = PAYPAL
  financialInstitution = PayPal
  language = en
  orderNumber = 6769097
  paymentState = SUCCESS
  shopname_customParameter1 = your first custom parameter
  shopname_customParameter2 = your second custom parameter
  paypalPayerID = PAYER123456ID
  paypalPayerEmail = buyer@paypal.com
  paypalPayerLastName = Consumer
  paypalPayerFirstName = Test
  paypalPayerAddressName = Consumer Test
  paypalPayerAddressCountry = United States
  paypalPayerAddressCountryCode = US
  paypalPayerAddressCity = New York
  paypalPayerAddressState = NY
  paypalPayerAddressStreet1 = Park Row
  paypalPayerAddressStreet2 = 2
  paypalPayerAddressZIP = 10038
  gatewayReferenceNumber = DGW_6769097_RN
  gatewayContractNumber = DemoContractNumber123
  responseFingerprintOrder = amount,currency,paymentType,financialInstitution,language,orderNumber,paymentState,shopname_customParameter1,shopname_customParameter2,paypalPayerID,paypalPayerEmail,paypalPayerLastName,paypalPayerFirstName,paypalPayerAddressName,paypalPayerAddressCountry,paypalPayerAddressCountryCode,paypalPayerAddressCity,paypalPayerAddressState,paypalPayerAddressStreet1,paypalPayerAddressStreet2,paypalPayerAddressZIP,gatewayReferenceNumber,gatewayContractNumber,secret,responseFingerprintOrder
  responseFingerprint = 6af6711a95b695e21e94e219e77c83d73392fb4905623a2241867aae473dcd2b004fe76e175bf4497a5d7e2f96ddc715bae783407148f74f29de47f0ad62ab10

